[2020-05-13 14:31:59.810] [exthost] [info] extension host started
[2020-05-13 14:31:59.833] [exthost] [info] ExtensionService#_doActivateExtension vscode.debug-auto-launch {"startup":true,"extensionId":{"value":"vscode.debug-auto-launch","_lower":"vscode.debug-auto-launch"},"activationEvent":"*"}
[2020-05-13 14:31:59.833] [exthost] [info] ExtensionService#loadCommonJSModule file:///Applications/Visual Studio Code.app/Contents/Resources/app/extensions/debug-auto-launch/dist/extension
[2020-05-13 14:31:59.839] [exthost] [info] ExtensionService#_doActivateExtension vscode.emmet {"startup":true,"extensionId":{"value":"vscode.emmet","_lower":"vscode.emmet"},"activationEvent":"*"}
[2020-05-13 14:31:59.839] [exthost] [info] ExtensionService#loadCommonJSModule file:///Applications/Visual Studio Code.app/Contents/Resources/app/extensions/emmet/dist/extension
[2020-05-13 14:31:59.857] [exthost] [info] ExtensionService#_doActivateExtension vscode.git {"startup":true,"extensionId":{"value":"vscode.git","_lower":"vscode.git"},"activationEvent":"*"}
[2020-05-13 14:31:59.857] [exthost] [info] ExtensionService#loadCommonJSModule file:///Applications/Visual Studio Code.app/Contents/Resources/app/extensions/git/dist/main
[2020-05-13 14:31:59.883] [exthost] [info] ExtensionService#_doActivateExtension vscode.github-authentication {"startup":true,"extensionId":{"value":"vscode.github-authentication","_lower":"vscode.github-authentication"},"activationEvent":"*"}
[2020-05-13 14:31:59.883] [exthost] [info] ExtensionService#loadCommonJSModule file:///Applications/Visual Studio Code.app/Contents/Resources/app/extensions/github-authentication/dist/extension.js
[2020-05-13 14:31:59.892] [exthost] [info] ExtensionService#_doActivateExtension vscode.merge-conflict {"startup":true,"extensionId":{"value":"vscode.merge-conflict","_lower":"vscode.merge-conflict"},"activationEvent":"*"}
[2020-05-13 14:31:59.893] [exthost] [info] ExtensionService#loadCommonJSModule file:///Applications/Visual Studio Code.app/Contents/Resources/app/extensions/merge-conflict/dist/extension
[2020-05-13 14:31:59.896] [exthost] [info] ExtensionService#_doActivateExtension vscode.search-result {"startup":true,"extensionId":{"value":"vscode.search-result","_lower":"vscode.search-result"},"activationEvent":"*"}
[2020-05-13 14:31:59.896] [exthost] [info] ExtensionService#loadCommonJSModule file:///Applications/Visual Studio Code.app/Contents/Resources/app/extensions/search-result/dist/extension.js
[2020-05-13 14:31:59.899] [exthost] [info] ExtensionService#_doActivateExtension vscode.vscode-account {"startup":true,"extensionId":{"value":"vscode.vscode-account","_lower":"vscode.vscode-account"},"activationEvent":"*"}
[2020-05-13 14:31:59.899] [exthost] [info] ExtensionService#loadCommonJSModule file:///Applications/Visual Studio Code.app/Contents/Resources/app/extensions/vscode-account/dist/extension.js
[2020-05-13 14:31:59.908] [exthost] [info] ExtensionService#_doActivateExtension be5invis.vscode-custom-css {"startup":true,"extensionId":{"value":"be5invis.vscode-custom-css","_lower":"be5invis.vscode-custom-css"},"activationEvent":"*"}
[2020-05-13 14:31:59.909] [exthost] [info] ExtensionService#loadCommonJSModule file:///Users/sarlex/.vscode/extensions/be5invis.vscode-custom-css-3.0.9/src/extension
[2020-05-13 14:31:59.918] [exthost] [info] ExtensionService#_doActivateExtension christian-kohler.path-intellisense {"startup":true,"extensionId":{"value":"christian-kohler.path-intellisense","_lower":"christian-kohler.path-intellisense"},"activationEvent":"*"}
[2020-05-13 14:31:59.918] [exthost] [info] ExtensionService#loadCommonJSModule file:///Users/sarlex/.vscode/extensions/christian-kohler.path-intellisense-1.4.2/out/src/extension
[2020-05-13 14:31:59.965] [exthost] [info] ExtensionService#_doActivateExtension dbaeumer.vscode-eslint {"startup":true,"extensionId":{"value":"dbaeumer.vscode-eslint","_lower":"dbaeumer.vscode-eslint"},"activationEvent":"*"}
[2020-05-13 14:31:59.965] [exthost] [info] ExtensionService#loadCommonJSModule file:///Users/sarlex/.vscode/extensions/dbaeumer.vscode-eslint-2.1.5/client/out/extension
[2020-05-13 14:31:59.984] [exthost] [info] ExtensionService#_doActivateExtension donjayamanne.githistory {"startup":true,"extensionId":{"value":"donjayamanne.githistory","_lower":"donjayamanne.githistory"},"activationEvent":"*"}
[2020-05-13 14:31:59.984] [exthost] [info] ExtensionService#loadCommonJSModule file:///Users/sarlex/.vscode/extensions/donjayamanne.githistory-0.6.5/dist/src/extension
[2020-05-13 14:32:00.015] [exthost] [info] ExtensionService#_doActivateExtension eamodio.gitlens {"startup":true,"extensionId":{"value":"eamodio.gitlens","_lower":"eamodio.gitlens"},"activationEvent":"*"}
[2020-05-13 14:32:00.015] [exthost] [info] ExtensionService#loadCommonJSModule file:///Users/sarlex/.vscode/extensions/eamodio.gitlens-10.2.1/dist/extension
[2020-05-13 14:32:00.074] [exthost] [info] ExtensionService#_doActivateExtension esbenp.prettier-vscode {"startup":true,"extensionId":{"value":"esbenp.prettier-vscode","_lower":"esbenp.prettier-vscode"},"activationEvent":"*"}
[2020-05-13 14:32:00.074] [exthost] [info] ExtensionService#loadCommonJSModule file:///Users/sarlex/.vscode/extensions/esbenp.prettier-vscode-4.6.0/dist/extension
[2020-05-13 14:32:00.191] [exthost] [info] ExtensionService#_doActivateExtension PKief.material-icon-theme {"startup":true,"extensionId":{"value":"PKief.material-icon-theme","_lower":"pkief.material-icon-theme"},"activationEvent":"*"}
[2020-05-13 14:32:00.192] [exthost] [info] ExtensionService#loadCommonJSModule file:///Users/sarlex/.vscode/extensions/pkief.material-icon-theme-4.1.0/dist/extension
[2020-05-13 14:32:00.198] [exthost] [info] ExtensionService#_doActivateExtension vscode-icons-team.vscode-icons {"startup":true,"extensionId":{"value":"vscode-icons-team.vscode-icons","_lower":"vscode-icons-team.vscode-icons"},"activationEvent":"*"}
[2020-05-13 14:32:00.198] [exthost] [info] ExtensionService#loadCommonJSModule file:///Users/sarlex/.vscode/extensions/vscode-icons-team.vscode-icons-10.1.1/dist/src/vscode-icons.bundle.js
[2020-05-13 14:32:00.220] [exthost] [info] ExtensionService#_doActivateExtension Zignd.html-css-class-completion {"startup":true,"extensionId":{"value":"Zignd.html-css-class-completion","_lower":"zignd.html-css-class-completion"},"activationEvent":"*"}
[2020-05-13 14:32:00.221] [exthost] [info] ExtensionService#loadCommonJSModule file:///Users/sarlex/.vscode/extensions/zignd.html-css-class-completion-1.19.0/out/src/extension
[2020-05-13 14:32:00.887] [exthost] [info] eager extensions activated
