["INFO" - 2:32:28 PM] Extension Name: esbenp.prettier-vscode.
["INFO" - 2:32:28 PM] Extension Version: 4.6.0.
["INFO" - 2:32:28 PM] Enabling prettier for languages
[
  "css",
  "graphql",
  "html",
  "javascript",
  "javascriptreact",
  "json",
  "json5",
  "jsonc",
  "less",
  "markdown",
  "mdx",
  "mongo",
  "postcss",
  "scss",
  "typescript",
  "typescriptreact",
  "vue",
  "yaml"
]
["INFO" - 2:32:28 PM] Enabling prettier for range supported languages
[
  "graphql",
  "javascript",
  "javascriptreact",
  "json",
  "typescript",
  "typescriptreact"
]
["INFO" - 2:33:57 PM] Formatting /Users/sarlex/dev/reactworks/demo/src/App.js
["INFO" - 2:33:57 PM] Using ignore file (if present) at /Users/sarlex/dev/reactworks/demo/.prettierignore
["INFO" - 2:33:57 PM] Using bundled version of prettier.
["INFO" - 2:33:57 PM] File Info:
{
  "ignored": false,
  "inferredParser": "babel"
}
["INFO" - 2:33:57 PM] No local configuration (i.e. .prettierrc or .editorconfig) detected, falling back to VS Code configuration
["INFO" - 2:33:57 PM] Prettier Options:
{
  "arrowParens": "always",
  "bracketSpacing": true,
  "endOfLine": "lf",
  "htmlWhitespaceSensitivity": "css",
  "insertPragma": false,
  "jsxBracketSameLine": false,
  "jsxSingleQuote": false,
  "printWidth": 80,
  "proseWrap": "preserve",
  "quoteProps": "as-needed",
  "requirePragma": false,
  "semi": true,
  "singleQuote": false,
  "tabWidth": 2,
  "trailingComma": "es5",
  "useTabs": false,
  "vueIndentScriptAndStyle": false,
  "filepath": "/Users/sarlex/dev/reactworks/demo/src/App.js",
  "parser": "babel"
}
["INFO" - 2:33:57 PM] Formatting completed in 96.869188ms.
["INFO" - 2:33:58 PM] Formatting /Users/sarlex/dev/reactworks/demo/src/App.js
["INFO" - 2:33:58 PM] Using ignore file (if present) at /Users/sarlex/dev/reactworks/demo/.prettierignore
["INFO" - 2:33:58 PM] Using bundled version of prettier.
["INFO" - 2:33:58 PM] File Info:
{
  "ignored": false,
  "inferredParser": "babel"
}
["INFO" - 2:33:58 PM] No local configuration (i.e. .prettierrc or .editorconfig) detected, falling back to VS Code configuration
["INFO" - 2:33:58 PM] Prettier Options:
{
  "arrowParens": "always",
  "bracketSpacing": true,
  "endOfLine": "lf",
  "htmlWhitespaceSensitivity": "css",
  "insertPragma": false,
  "jsxBracketSameLine": false,
  "jsxSingleQuote": false,
  "printWidth": 80,
  "proseWrap": "preserve",
  "quoteProps": "as-needed",
  "requirePragma": false,
  "semi": true,
  "singleQuote": false,
  "tabWidth": 2,
  "trailingComma": "es5",
  "useTabs": false,
  "vueIndentScriptAndStyle": false,
  "filepath": "/Users/sarlex/dev/reactworks/demo/src/App.js",
  "parser": "babel"
}
["INFO" - 2:33:58 PM] Formatting completed in 17.129739ms.
["INFO" - 2:33:58 PM] Formatting /Users/sarlex/dev/reactworks/demo/src/App.js
["INFO" - 2:33:58 PM] Using ignore file (if present) at /Users/sarlex/dev/reactworks/demo/.prettierignore
["INFO" - 2:33:58 PM] Using bundled version of prettier.
["INFO" - 2:33:58 PM] File Info:
{
  "ignored": false,
  "inferredParser": "babel"
}
["INFO" - 2:33:58 PM] No local configuration (i.e. .prettierrc or .editorconfig) detected, falling back to VS Code configuration
["INFO" - 2:33:58 PM] Prettier Options:
{
  "arrowParens": "always",
  "bracketSpacing": true,
  "endOfLine": "lf",
  "htmlWhitespaceSensitivity": "css",
  "insertPragma": false,
  "jsxBracketSameLine": false,
  "jsxSingleQuote": false,
  "printWidth": 80,
  "proseWrap": "preserve",
  "quoteProps": "as-needed",
  "requirePragma": false,
  "semi": true,
  "singleQuote": false,
  "tabWidth": 2,
  "trailingComma": "es5",
  "useTabs": false,
  "vueIndentScriptAndStyle": false,
  "filepath": "/Users/sarlex/dev/reactworks/demo/src/App.js",
  "parser": "babel"
}
["INFO" - 2:33:59 PM] Formatting completed in 22.456905ms.
["INFO" - 2:39:38 PM] Formatting /Users/sarlex/dev/reactworks/demo/src/App.js
["INFO" - 2:39:38 PM] Using ignore file (if present) at /Users/sarlex/dev/reactworks/demo/.prettierignore
["INFO" - 2:39:38 PM] Using bundled version of prettier.
["INFO" - 2:39:38 PM] File Info:
{
  "ignored": false,
  "inferredParser": "babel"
}
["INFO" - 2:39:38 PM] No local configuration (i.e. .prettierrc or .editorconfig) detected, falling back to VS Code configuration
["INFO" - 2:39:38 PM] Prettier Options:
{
  "arrowParens": "always",
  "bracketSpacing": true,
  "endOfLine": "lf",
  "htmlWhitespaceSensitivity": "css",
  "insertPragma": false,
  "jsxBracketSameLine": false,
  "jsxSingleQuote": false,
  "printWidth": 80,
  "proseWrap": "preserve",
  "quoteProps": "as-needed",
  "requirePragma": false,
  "semi": true,
  "singleQuote": false,
  "tabWidth": 2,
  "trailingComma": "es5",
  "useTabs": false,
  "vueIndentScriptAndStyle": false,
  "filepath": "/Users/sarlex/dev/reactworks/demo/src/App.js",
  "parser": "babel"
}
["INFO" - 2:39:38 PM] Formatting completed in 81.482864ms.
