[2020-05-13 14:31:38.737] [exthost] [info] extension host started
[2020-05-13 14:31:38.801] [exthost] [info] ExtensionService#_doActivateExtension vscode.debug-auto-launch {"startup":true,"extensionId":{"value":"vscode.debug-auto-launch","_lower":"vscode.debug-auto-launch"},"activationEvent":"*"}
[2020-05-13 14:31:38.801] [exthost] [info] ExtensionService#loadCommonJSModule file:///Applications/Visual Studio Code.app/Contents/Resources/app/extensions/debug-auto-launch/dist/extension
[2020-05-13 14:31:38.818] [exthost] [info] ExtensionService#_doActivateExtension vscode.emmet {"startup":true,"extensionId":{"value":"vscode.emmet","_lower":"vscode.emmet"},"activationEvent":"*"}
[2020-05-13 14:31:38.818] [exthost] [info] ExtensionService#loadCommonJSModule file:///Applications/Visual Studio Code.app/Contents/Resources/app/extensions/emmet/dist/extension
[2020-05-13 14:31:38.871] [exthost] [info] ExtensionService#_doActivateExtension vscode.git {"startup":true,"extensionId":{"value":"vscode.git","_lower":"vscode.git"},"activationEvent":"*"}
[2020-05-13 14:31:38.871] [exthost] [info] ExtensionService#loadCommonJSModule file:///Applications/Visual Studio Code.app/Contents/Resources/app/extensions/git/dist/main
[2020-05-13 14:31:39.119] [exthost] [info] ExtensionService#_doActivateExtension vscode.github-authentication {"startup":true,"extensionId":{"value":"vscode.github-authentication","_lower":"vscode.github-authentication"},"activationEvent":"*"}
[2020-05-13 14:31:39.119] [exthost] [info] ExtensionService#loadCommonJSModule file:///Applications/Visual Studio Code.app/Contents/Resources/app/extensions/github-authentication/dist/extension.js
[2020-05-13 14:31:39.142] [exthost] [info] ExtensionService#_doActivateExtension vscode.merge-conflict {"startup":true,"extensionId":{"value":"vscode.merge-conflict","_lower":"vscode.merge-conflict"},"activationEvent":"*"}
[2020-05-13 14:31:39.143] [exthost] [info] ExtensionService#loadCommonJSModule file:///Applications/Visual Studio Code.app/Contents/Resources/app/extensions/merge-conflict/dist/extension
[2020-05-13 14:31:39.151] [exthost] [info] ExtensionService#_doActivateExtension vscode.search-result {"startup":true,"extensionId":{"value":"vscode.search-result","_lower":"vscode.search-result"},"activationEvent":"*"}
[2020-05-13 14:31:39.152] [exthost] [info] ExtensionService#loadCommonJSModule file:///Applications/Visual Studio Code.app/Contents/Resources/app/extensions/search-result/dist/extension.js
[2020-05-13 14:31:39.156] [exthost] [info] ExtensionService#_doActivateExtension vscode.vscode-account {"startup":true,"extensionId":{"value":"vscode.vscode-account","_lower":"vscode.vscode-account"},"activationEvent":"*"}
[2020-05-13 14:31:39.156] [exthost] [info] ExtensionService#loadCommonJSModule file:///Applications/Visual Studio Code.app/Contents/Resources/app/extensions/vscode-account/dist/extension.js
[2020-05-13 14:31:39.174] [exthost] [info] ExtensionService#_doActivateExtension be5invis.vscode-custom-css {"startup":true,"extensionId":{"value":"be5invis.vscode-custom-css","_lower":"be5invis.vscode-custom-css"},"activationEvent":"*"}
[2020-05-13 14:31:39.174] [exthost] [info] ExtensionService#loadCommonJSModule file:///Users/sarlex/.vscode/extensions/be5invis.vscode-custom-css-3.0.9/src/extension
[2020-05-13 14:31:39.189] [exthost] [info] ExtensionService#_doActivateExtension christian-kohler.path-intellisense {"startup":true,"extensionId":{"value":"christian-kohler.path-intellisense","_lower":"christian-kohler.path-intellisense"},"activationEvent":"*"}
[2020-05-13 14:31:39.189] [exthost] [info] ExtensionService#loadCommonJSModule file:///Users/sarlex/.vscode/extensions/christian-kohler.path-intellisense-1.4.2/out/src/extension
[2020-05-13 14:31:39.251] [exthost] [info] ExtensionService#_doActivateExtension dbaeumer.vscode-eslint {"startup":true,"extensionId":{"value":"dbaeumer.vscode-eslint","_lower":"dbaeumer.vscode-eslint"},"activationEvent":"*"}
[2020-05-13 14:31:39.251] [exthost] [info] ExtensionService#loadCommonJSModule file:///Users/sarlex/.vscode/extensions/dbaeumer.vscode-eslint-2.1.5/client/out/extension
[2020-05-13 14:31:39.271] [exthost] [info] ExtensionService#_doActivateExtension donjayamanne.githistory {"startup":true,"extensionId":{"value":"donjayamanne.githistory","_lower":"donjayamanne.githistory"},"activationEvent":"*"}
[2020-05-13 14:31:39.271] [exthost] [info] ExtensionService#loadCommonJSModule file:///Users/sarlex/.vscode/extensions/donjayamanne.githistory-0.6.5/dist/src/extension
[2020-05-13 14:31:39.334] [exthost] [info] ExtensionService#_doActivateExtension eamodio.gitlens {"startup":true,"extensionId":{"value":"eamodio.gitlens","_lower":"eamodio.gitlens"},"activationEvent":"*"}
[2020-05-13 14:31:39.335] [exthost] [info] ExtensionService#loadCommonJSModule file:///Users/sarlex/.vscode/extensions/eamodio.gitlens-10.2.1/dist/extension
[2020-05-13 14:31:39.486] [exthost] [info] ExtensionService#_doActivateExtension esbenp.prettier-vscode {"startup":true,"extensionId":{"value":"esbenp.prettier-vscode","_lower":"esbenp.prettier-vscode"},"activationEvent":"*"}
[2020-05-13 14:31:39.486] [exthost] [info] ExtensionService#loadCommonJSModule file:///Users/sarlex/.vscode/extensions/esbenp.prettier-vscode-4.6.0/dist/extension
[2020-05-13 14:31:39.823] [exthost] [info] ExtensionService#_doActivateExtension PKief.material-icon-theme {"startup":true,"extensionId":{"value":"PKief.material-icon-theme","_lower":"pkief.material-icon-theme"},"activationEvent":"*"}
[2020-05-13 14:31:39.823] [exthost] [info] ExtensionService#loadCommonJSModule file:///Users/sarlex/.vscode/extensions/pkief.material-icon-theme-4.1.0/dist/extension
[2020-05-13 14:31:39.855] [exthost] [info] ExtensionService#_doActivateExtension vscode-icons-team.vscode-icons {"startup":true,"extensionId":{"value":"vscode-icons-team.vscode-icons","_lower":"vscode-icons-team.vscode-icons"},"activationEvent":"*"}
[2020-05-13 14:31:39.855] [exthost] [info] ExtensionService#loadCommonJSModule file:///Users/sarlex/.vscode/extensions/vscode-icons-team.vscode-icons-10.1.1/dist/src/vscode-icons.bundle.js
[2020-05-13 14:31:39.984] [exthost] [info] ExtensionService#_doActivateExtension Zignd.html-css-class-completion {"startup":true,"extensionId":{"value":"Zignd.html-css-class-completion","_lower":"zignd.html-css-class-completion"},"activationEvent":"*"}
[2020-05-13 14:31:39.984] [exthost] [info] ExtensionService#loadCommonJSModule file:///Users/sarlex/.vscode/extensions/zignd.html-css-class-completion-1.19.0/out/src/extension
[2020-05-13 14:31:40.839] [exthost] [info] eager extensions activated
[2020-05-13 14:31:41.810] [exthost] [info] ExtensionService#_doActivateExtension batisteo.vscode-django {"startup":false,"extensionId":{"value":"batisteo.vscode-django","_lower":"batisteo.vscode-django"},"activationEvent":"onLanguage:django-html"}
[2020-05-13 14:31:41.810] [exthost] [info] ExtensionService#loadCommonJSModule file:///Users/sarlex/.vscode/extensions/batisteo.vscode-django-0.20.0/out/extension
[2020-05-13 14:32:27.273] [exthost] [info] extension host started
[2020-05-13 14:32:27.302] [exthost] [info] ExtensionService#_doActivateExtension vscode.debug-auto-launch {"startup":true,"extensionId":{"value":"vscode.debug-auto-launch","_lower":"vscode.debug-auto-launch"},"activationEvent":"*"}
[2020-05-13 14:32:27.302] [exthost] [info] ExtensionService#loadCommonJSModule file:///Applications/Visual Studio Code.app/Contents/Resources/app/extensions/debug-auto-launch/dist/extension
[2020-05-13 14:32:27.307] [exthost] [info] ExtensionService#_doActivateExtension vscode.emmet {"startup":true,"extensionId":{"value":"vscode.emmet","_lower":"vscode.emmet"},"activationEvent":"*"}
[2020-05-13 14:32:27.307] [exthost] [info] ExtensionService#loadCommonJSModule file:///Applications/Visual Studio Code.app/Contents/Resources/app/extensions/emmet/dist/extension
[2020-05-13 14:32:27.351] [exthost] [info] ExtensionService#_doActivateExtension vscode.git {"startup":true,"extensionId":{"value":"vscode.git","_lower":"vscode.git"},"activationEvent":"*"}
[2020-05-13 14:32:27.351] [exthost] [info] ExtensionService#loadCommonJSModule file:///Applications/Visual Studio Code.app/Contents/Resources/app/extensions/git/dist/main
[2020-05-13 14:32:27.387] [exthost] [info] ExtensionService#_doActivateExtension vscode.github-authentication {"startup":true,"extensionId":{"value":"vscode.github-authentication","_lower":"vscode.github-authentication"},"activationEvent":"*"}
[2020-05-13 14:32:27.387] [exthost] [info] ExtensionService#loadCommonJSModule file:///Applications/Visual Studio Code.app/Contents/Resources/app/extensions/github-authentication/dist/extension.js
[2020-05-13 14:32:27.398] [exthost] [info] ExtensionService#_doActivateExtension vscode.merge-conflict {"startup":true,"extensionId":{"value":"vscode.merge-conflict","_lower":"vscode.merge-conflict"},"activationEvent":"*"}
[2020-05-13 14:32:27.399] [exthost] [info] ExtensionService#loadCommonJSModule file:///Applications/Visual Studio Code.app/Contents/Resources/app/extensions/merge-conflict/dist/extension
[2020-05-13 14:32:27.404] [exthost] [info] ExtensionService#_doActivateExtension vscode.search-result {"startup":true,"extensionId":{"value":"vscode.search-result","_lower":"vscode.search-result"},"activationEvent":"*"}
[2020-05-13 14:32:27.404] [exthost] [info] ExtensionService#loadCommonJSModule file:///Applications/Visual Studio Code.app/Contents/Resources/app/extensions/search-result/dist/extension.js
[2020-05-13 14:32:27.407] [exthost] [info] ExtensionService#_doActivateExtension vscode.vscode-account {"startup":true,"extensionId":{"value":"vscode.vscode-account","_lower":"vscode.vscode-account"},"activationEvent":"*"}
[2020-05-13 14:32:27.407] [exthost] [info] ExtensionService#loadCommonJSModule file:///Applications/Visual Studio Code.app/Contents/Resources/app/extensions/vscode-account/dist/extension.js
[2020-05-13 14:32:27.414] [exthost] [info] ExtensionService#_doActivateExtension be5invis.vscode-custom-css {"startup":true,"extensionId":{"value":"be5invis.vscode-custom-css","_lower":"be5invis.vscode-custom-css"},"activationEvent":"*"}
[2020-05-13 14:32:27.414] [exthost] [info] ExtensionService#loadCommonJSModule file:///Users/sarlex/.vscode/extensions/be5invis.vscode-custom-css-3.0.9/src/extension
[2020-05-13 14:32:27.421] [exthost] [info] ExtensionService#_doActivateExtension christian-kohler.path-intellisense {"startup":true,"extensionId":{"value":"christian-kohler.path-intellisense","_lower":"christian-kohler.path-intellisense"},"activationEvent":"*"}
[2020-05-13 14:32:27.421] [exthost] [info] ExtensionService#loadCommonJSModule file:///Users/sarlex/.vscode/extensions/christian-kohler.path-intellisense-1.4.2/out/src/extension
[2020-05-13 14:32:27.439] [exthost] [info] ExtensionService#_doActivateExtension dbaeumer.vscode-eslint {"startup":true,"extensionId":{"value":"dbaeumer.vscode-eslint","_lower":"dbaeumer.vscode-eslint"},"activationEvent":"*"}
[2020-05-13 14:32:27.439] [exthost] [info] ExtensionService#loadCommonJSModule file:///Users/sarlex/.vscode/extensions/dbaeumer.vscode-eslint-2.1.5/client/out/extension
[2020-05-13 14:32:27.447] [exthost] [info] ExtensionService#_doActivateExtension donjayamanne.githistory {"startup":true,"extensionId":{"value":"donjayamanne.githistory","_lower":"donjayamanne.githistory"},"activationEvent":"*"}
[2020-05-13 14:32:27.447] [exthost] [info] ExtensionService#loadCommonJSModule file:///Users/sarlex/.vscode/extensions/donjayamanne.githistory-0.6.5/dist/src/extension
[2020-05-13 14:32:27.467] [exthost] [info] ExtensionService#_doActivateExtension eamodio.gitlens {"startup":true,"extensionId":{"value":"eamodio.gitlens","_lower":"eamodio.gitlens"},"activationEvent":"*"}
[2020-05-13 14:32:27.468] [exthost] [info] ExtensionService#loadCommonJSModule file:///Users/sarlex/.vscode/extensions/eamodio.gitlens-10.2.1/dist/extension
[2020-05-13 14:32:27.511] [exthost] [info] ExtensionService#_doActivateExtension esbenp.prettier-vscode {"startup":true,"extensionId":{"value":"esbenp.prettier-vscode","_lower":"esbenp.prettier-vscode"},"activationEvent":"*"}
[2020-05-13 14:32:27.511] [exthost] [info] ExtensionService#loadCommonJSModule file:///Users/sarlex/.vscode/extensions/esbenp.prettier-vscode-4.6.0/dist/extension
[2020-05-13 14:32:27.563] [exthost] [info] ExtensionService#_doActivateExtension ms-vscode.cpptools {"startup":true,"extensionId":{"value":"ms-vscode.cpptools","_lower":"ms-vscode.cpptools"},"activationEvent":"*"}
[2020-05-13 14:32:27.563] [exthost] [info] ExtensionService#loadCommonJSModule file:///Users/sarlex/.vscode/extensions/ms-vscode.cpptools-0.28.0/dist/main
[2020-05-13 14:32:27.654] [exthost] [info] ExtensionService#_doActivateExtension PKief.material-icon-theme {"startup":true,"extensionId":{"value":"PKief.material-icon-theme","_lower":"pkief.material-icon-theme"},"activationEvent":"*"}
[2020-05-13 14:32:27.654] [exthost] [info] ExtensionService#loadCommonJSModule file:///Users/sarlex/.vscode/extensions/pkief.material-icon-theme-4.1.0/dist/extension
[2020-05-13 14:32:27.663] [exthost] [info] ExtensionService#_doActivateExtension vscode-icons-team.vscode-icons {"startup":true,"extensionId":{"value":"vscode-icons-team.vscode-icons","_lower":"vscode-icons-team.vscode-icons"},"activationEvent":"*"}
[2020-05-13 14:32:27.663] [exthost] [info] ExtensionService#loadCommonJSModule file:///Users/sarlex/.vscode/extensions/vscode-icons-team.vscode-icons-10.1.1/dist/src/vscode-icons.bundle.js
[2020-05-13 14:32:27.693] [exthost] [info] ExtensionService#_doActivateExtension Zignd.html-css-class-completion {"startup":true,"extensionId":{"value":"Zignd.html-css-class-completion","_lower":"zignd.html-css-class-completion"},"activationEvent":"*"}
[2020-05-13 14:32:27.693] [exthost] [info] ExtensionService#loadCommonJSModule file:///Users/sarlex/.vscode/extensions/zignd.html-css-class-completion-1.19.0/out/src/extension
[2020-05-13 14:32:28.507] [exthost] [info] ExtensionService#_doActivateExtension vscode.npm {"startup":true,"extensionId":{"value":"vscode.npm","_lower":"vscode.npm"},"activationEvent":"workspaceContains:package.json"}
[2020-05-13 14:32:28.507] [exthost] [info] ExtensionService#loadCommonJSModule file:///Applications/Visual Studio Code.app/Contents/Resources/app/extensions/npm/dist/main
[2020-05-13 14:32:29.164] [exthost] [info] eager extensions activated
[2020-05-13 14:33:00.875] [exthost] [info] ExtensionService#_doActivateExtension vscode.configuration-editing {"startup":false,"extensionId":{"value":"vscode.configuration-editing","_lower":"vscode.configuration-editing"},"activationEvent":"onLanguage:jsonc"}
[2020-05-13 14:33:00.875] [exthost] [info] ExtensionService#loadCommonJSModule file:///Applications/Visual Studio Code.app/Contents/Resources/app/extensions/configuration-editing/dist/extension
[2020-05-13 14:33:00.885] [exthost] [info] ExtensionService#_doActivateExtension vscode.json-language-features {"startup":false,"extensionId":{"value":"vscode.json-language-features","_lower":"vscode.json-language-features"},"activationEvent":"onLanguage:jsonc"}
[2020-05-13 14:33:00.885] [exthost] [info] ExtensionService#loadCommonJSModule file:///Applications/Visual Studio Code.app/Contents/Resources/app/extensions/json-language-features/client/dist/jsonMain
[2020-05-13 14:33:00.925] [exthost] [info] ExtensionService#_doActivateExtension vscode.typescript-language-features {"startup":false,"extensionId":{"value":"vscode.typescript-language-features","_lower":"vscode.typescript-language-features"},"activationEvent":"onLanguage:jsonc"}
[2020-05-13 14:33:00.925] [exthost] [info] ExtensionService#loadCommonJSModule file:///Applications/Visual Studio Code.app/Contents/Resources/app/extensions/typescript-language-features/dist/extension
[2020-05-13 14:33:53.464] [exthost] [info] ExtensionService#_doActivateExtension christian-kohler.npm-intellisense {"startup":false,"extensionId":{"value":"christian-kohler.npm-intellisense","_lower":"christian-kohler.npm-intellisense"},"activationEvent":"onLanguage:javascript"}
[2020-05-13 14:33:53.465] [exthost] [info] ExtensionService#loadCommonJSModule file:///Users/sarlex/.vscode/extensions/christian-kohler.npm-intellisense-1.3.0/out/src/extension
[2020-05-13 14:33:53.665] [exthost] [info] ExtensionService#_doActivateExtension ecmel.vscode-html-css {"startup":false,"extensionId":{"value":"ecmel.vscode-html-css","_lower":"ecmel.vscode-html-css"},"activationEvent":"onLanguage:javascript"}
[2020-05-13 14:33:53.665] [exthost] [info] ExtensionService#loadCommonJSModule file:///Users/sarlex/.vscode/extensions/ecmel.vscode-html-css-0.2.3/dist/extension
[2020-05-13 14:33:54.159] [exthost] [info] ExtensionService#_doActivateExtension leizongmin.node-module-intellisense {"startup":false,"extensionId":{"value":"leizongmin.node-module-intellisense","_lower":"leizongmin.node-module-intellisense"},"activationEvent":"onLanguage:javascript"}
[2020-05-13 14:33:54.159] [exthost] [info] ExtensionService#loadCommonJSModule file:///Users/sarlex/.vscode/extensions/leizongmin.node-module-intellisense-1.5.0/out/src/extension
